<?xml version="1.0" encoding="UTF-8"?>
<robot generator="Robot 7.3.2 (Python 3.13.5 on darwin)" generated="2025-09-07T16:50:44.325389" rpa="false" schemaversion="5">
<suite id="s1" name="TodoMVC" source="/Users/satulaukkanen/Documents/Kod/Robot Framework Practice/TodoMVC">
<suite id="s1-s1" name="Tests" source="/Users/satulaukkanen/Documents/Kod/Robot Framework Practice/TodoMVC/tests">
<suite id="s1-s1-s1" name="No Todos" source="/Users/satulaukkanen/Documents/Kod/Robot Framework Practice/TodoMVC/tests/no_todos.robot">
<test id="s1-s1-s1-t1" name="first" line="4">
<kw name="Log" owner="BuiltIn">
<msg time="2025-09-07T16:50:44.339486" level="INFO">Hello World</msg>
<arg>Hello World</arg>
<doc>Logs the given message with the given level.</doc>
<status status="PASS" start="2025-09-07T16:50:44.339318" elapsed="0.000244"/>
</kw>
<status status="PASS" start="2025-09-07T16:50:44.338148" elapsed="0.001509"/>
</test>
<status status="PASS" start="2025-09-07T16:50:44.337433" elapsed="0.003222"/>
</suite>
<status status="PASS" start="2025-09-07T16:50:44.336618" elapsed="0.004768"/>
</suite>
<status status="PASS" start="2025-09-07T16:50:44.327980" elapsed="0.013927"/>
</suite>
<statistics>
<total>
<stat pass="1" fail="0" skip="0">All Tests</stat>
</total>
<tag>
</tag>
<suite>
<stat name="TodoMVC" id="s1" pass="1" fail="0" skip="0">TodoMVC</stat>
<stat name="Tests" id="s1-s1" pass="1" fail="0" skip="0">TodoMVC.Tests</stat>
<stat name="No Todos" id="s1-s1-s1" pass="1" fail="0" skip="0">TodoMVC.Tests.No Todos</stat>
</suite>
</statistics>
<errors>
</errors>
</robot>
